[    0.000000] Linux version 4.15.0-153-generic (buildd@lgw01-amd64-004) (gcc version 7.5.0 (Ubuntu 7.5.0-3ubuntu1~18.04)) #160-Ubuntu SMP Thu Jul 29 06:54:29 UTC 2021 (Ubuntu 4.15.0-153.160-generic 4.15.18)
[    0.000000] Command line: BOOT_IMAGE=/boot/vmlinuz-4.15.0-153-generic root=LABEL=cloudimg-rootfs ro console=tty1 console=ttyS0
[    0.000000] KERNEL supported cpus:
[    0.000000]   Intel GenuineIntel
[    0.000000]   AMD AuthenticAMD
[    0.000000]   Centaur CentaurHauls
[    0.000000] x86/fpu: x87 FPU will use FXSAVE
[    0.000000] e820: BIOS-provided physical RAM map:
[    0.000000] BIOS-e820: [mem 0x0000000000000000-0x000000000009fbff] usable
[    0.000000] BIOS-e820: [mem 0x000000000009fc00-0x000000000009ffff] reserved
[    0.000000] BIOS-e820: [mem 0x00000000000f0000-0x00000000000fffff] reserved
[    0.000000] BIOS-e820: [mem 0x0000000000100000-0x000000007ffeffff] usable
[    0.000000] BIOS-e820: [mem 0x000000007fff0000-0x000000007fffffff] ACPI data
[    0.000000] BIOS-e820: [mem 0x00000000fec00000-0x00000000fec00fff] reserved
[    0.000000] BIOS-e820: [mem 0x00000000fee00000-0x00000000fee00fff] reserved
[    0.000000] BIOS-e820: [mem 0x00000000fffc0000-0x00000000ffffffff] reserved
[    0.000000] NX (Execute Disable) protection: active
[    0.000000] SMBIOS 2.5 present.
[    0.000000] DMI: innotek GmbH VirtualBox/VirtualBox, BIOS VirtualBox 12/01/2006
[    0.000000] Hypervisor detected: KVM
[    0.000000] e820: last_pfn = 0x7fff0 max_arch_pfn = 0x400000000
[    0.000000] MTRR: Disabled
[    0.000000] x86/PAT: MTRRs disabled, skipping PAT initialization too.
[    0.000000] CPU MTRRs all blank - virtualized system.
[    0.000000] x86/PAT: Configuration [0-7]: WB  WT  UC- UC  WB  WT  UC- UC  
[    0.000000] found SMP MP-table at [mem 0x0009fff0-0x0009ffff]
[    0.000000] Scanning 1 areas for low memory corruption
[    0.000000] RAMDISK: [mem 0x359d1000-0x36cdffff]
[    0.000000] ACPI: Early table checksum verification disabled
[    0.000000] ACPI: RSDP 0x00000000000E0000 000024 (v02 VBOX  )
[    0.000000] ACPI: XSDT 0x000000007FFF0030 00003C (v01 VBOX   VBOXXSDT 00000001 ASL  00000061)
[    0.000000] ACPI: FACP 0x000000007FFF00F0 0000F4 (v04 VBOX   VBOXFACP 00000001 ASL  00000061)
[    0.000000] ACPI: DSDT 0x000000007FFF0470 002325 (v02 VBOX   VBOXBIOS 00000002 INTL 20100528)
[    0.000000] ACPI: FACS 0x000000007FFF0200 000040
[    0.000000] ACPI: FACS 0x000000007FFF0200 000040
[    0.000000] ACPI: APIC 0x000000007FFF0240 000054 (v02 VBOX   VBOXAPIC 00000001 ASL  00000061)
[    0.000000] ACPI: SSDT 0x000000007FFF02A0 0001CC (v01 VBOX   VBOXCPUT 00000002 INTL 20100528)
[    0.000000] ACPI: Reserving FACP table memory at [mem 0x7fff00f0-0x7fff01e3]
[    0.000000] ACPI: Reserving DSDT table memory at [mem 0x7fff0470-0x7fff2794]
[    0.000000] ACPI: Reserving FACS table memory at [mem 0x7fff0200-0x7fff023f]
[    0.000000] ACPI: Reserving FACS table memory at [mem 0x7fff0200-0x7fff023f]
[    0.000000] ACPI: Reserving APIC table memory at [mem 0x7fff0240-0x7fff0293]
[    0.000000] ACPI: Reserving SSDT table memory at [mem 0x7fff02a0-0x7fff046b]
[    0.000000] No NUMA configuration found
[    0.000000] Faking a node at [mem 0x0000000000000000-0x000000007ffeffff]
[    0.000000] NODE_DATA(0) allocated [mem 0x7ffc5000-0x7ffeffff]
[    0.000000] kvm-clock: cpu 0, msr 0:7ff44001, primary cpu clock
[    0.000000] kvm-clock: Using msrs 4b564d01 and 4b564d00
[    0.000000] kvm-clock: using sched offset of 6943551833 cycles
[    0.000000] clocksource: kvm-clock: mask: 0xffffffffffffffff max_cycles: 0x1cd42e4dffb, max_idle_ns: 881590591483 ns
[    0.000000] Zone ranges:
[    0.000000]   DMA      [mem 0x0000000000001000-0x0000000000ffffff]
[    0.000000]   DMA32    [mem 0x0000000001000000-0x000000007ffeffff]
[    0.000000]   Normal   empty
[    0.000000]   Device   empty
[    0.000000] Movable zone start for each node
[    0.000000] Early memory node ranges
[    0.000000]   node   0: [mem 0x0000000000001000-0x000000000009efff]
[    0.000000]   node   0: [mem 0x0000000000100000-0x000000007ffeffff]
[    0.000000] Reserved but unavailable: 104 pages
[    0.000000] Initmem setup node 0 [mem 0x0000000000001000-0x000000007ffeffff]
[    0.000000] ACPI: PM-Timer IO Port: 0x4008
[    0.000000] IOAPIC[0]: apic_id 1, version 32, address 0xfec00000, GSI 0-23
[    0.000000] ACPI: INT_SRC_OVR (bus 0 bus_irq 0 global_irq 2 dfl dfl)
[    0.000000] ACPI: INT_SRC_OVR (bus 0 bus_irq 9 global_irq 9 low level)
[    0.000000] Using ACPI (MADT) for SMP configuration information
[    0.000000] smpboot: Allowing 1 CPUs, 0 hotplug CPUs
[    0.000000] PM: Registered nosave memory: [mem 0x00000000-0x00000fff]
[    0.000000] PM: Registered nosave memory: [mem 0x0009f000-0x0009ffff]
[    0.000000] PM: Registered nosave memory: [mem 0x000a0000-0x000effff]
[    0.000000] PM: Registered nosave memory: [mem 0x000f0000-0x000fffff]
[    0.000000] e820: [mem 0x80000000-0xfebfffff] available for PCI devices
[    0.000000] Booting paravirtualized kernel on KVM
[    0.000000] clocksource: refined-jiffies: mask: 0xffffffff max_cycles: 0xffffffff, max_idle_ns: 7645519600211568 ns
[    0.000000] random: get_random_bytes called from start_kernel+0x99/0x500 with crng_init=0
[    0.000000] setup_percpu: NR_CPUS:8192 nr_cpumask_bits:1 nr_cpu_ids:1 nr_node_ids:1
[    0.000000] percpu: Embedded 45 pages/cpu s147456 r8192 d28672 u2097152
[    0.000000] PV qspinlock hash table entries: 256 (order: 0, 4096 bytes)
[    0.000000] Built 1 zonelists, mobility grouping on.  Total pages: 515961
[    0.000000] Policy zone: DMA32
[    0.000000] Kernel command line: BOOT_IMAGE=/boot/vmlinuz-4.15.0-153-generic root=LABEL=cloudimg-rootfs ro console=tty1 console=ttyS0
[    0.000000] Memory: 2015092K/2096696K available (12300K kernel code, 2483K rwdata, 4320K rodata, 2448K init, 2724K bss, 81604K reserved, 0K cma-reserved)
[    0.000000] SLUB: HWalign=64, Order=0-3, MinObjects=0, CPUs=1, Nodes=1
[    0.000000] Kernel/User page tables isolation: enabled
[    0.000000] ftrace: allocating 39460 entries in 155 pages
[    0.004000] Hierarchical RCU implementation.
[    0.004000] 	RCU restricting CPUs from NR_CPUS=8192 to nr_cpu_ids=1.
[    0.004000] 	Tasks RCU enabled.
[    0.004000] RCU: Adjusting geometry for rcu_fanout_leaf=16, nr_cpu_ids=1
[    0.004000] NR_IRQS: 524544, nr_irqs: 256, preallocated irqs: 16
[    0.004000] Console: colour VGA+ 80x25
[    0.004000] console [tty1] enabled
[    0.004000] console [ttyS0] enabled
[    0.004000] ACPI: Core revision 20170831
[    0.004000] ACPI: 2 ACPI AML tables successfully acquired and loaded
[    0.004000] APIC: Switch to symmetric I/O mode setup
[    0.008000] ..TIMER: vector=0x30 apic1=0 pin1=2 apic2=-1 pin2=-1
[    0.008009] tsc: Detected 2399.998 MHz processor
[    0.012016] Calibrating delay loop (skipped) preset value.. 4799.99 BogoMIPS (lpj=9599992)
[    0.016009] pid_max: default: 32768 minimum: 301
[    0.020108] Security Framework initialized
[    0.024008] Yama: becoming mindful.
[    0.028049] AppArmor: AppArmor initialized
[    0.053029] Dentry cache hash table entries: 262144 (order: 9, 2097152 bytes)
[    0.072450] Inode-cache hash table entries: 131072 (order: 8, 1048576 bytes)
[    0.076351] Mount-cache hash table entries: 4096 (order: 3, 32768 bytes)
[    0.080240] Mountpoint-cache hash table entries: 4096 (order: 3, 32768 bytes)
[    0.090455] Last level iTLB entries: 4KB 64, 2MB 8, 4MB 8
[    0.096009] Last level dTLB entries: 4KB 64, 2MB 0, 4MB 0, 1GB 4
[    0.100009] Spectre V1 : Mitigation: usercopy/swapgs barriers and __user pointer sanitization
[    0.104008] Spectre V2 : Mitigation: Full generic retpoline
[    0.108006] Spectre V2 : Spectre v2 / SpectreRSB mitigation: Filling RSB on context switch
[    0.112007] Speculative Store Bypass: Vulnerable
[    0.116153] MDS: Mitigation: Clear CPU buffers
[    0.132138] Freeing SMP alternatives memory: 36K
[    0.260008] APIC calibration not consistent with PM-Timer: 107ms instead of 100ms
[    0.264000] APIC delta adjusted to PM-Timer: 6305984 (6750384)
[    0.264740] smpboot: CPU0: Intel(R) Core(TM) i5-6200U CPU @ 2.30GHz (family: 0x6, model: 0x4e, stepping: 0x3)
[    0.272741] Performance Events: unsupported p6 CPU model 78 no PMU driver, software events only.
[    0.276211] Hierarchical SRCU implementation.
[    0.281386] NMI watchdog: Perf event create on CPU 0 failed with -2
[    0.284014] NMI watchdog: Perf NMI watchdog permanently disabled
[    0.293841] smp: Bringing up secondary CPUs ...
[    0.296015] smp: Brought up 1 node, 1 CPU
[    0.300059] smpboot: Max logical packages: 1
[    0.304013] smpboot: Total of 1 processors activated (4799.99 BogoMIPS)
[    0.312474] devtmpfs: initialized
[    0.316221] x86/mm: Memory block size: 128MB
[    0.324729] evm: security.selinux
[    0.328010] evm: security.SMACK64
[    0.336011] evm: security.SMACK64EXEC
[    0.340010] evm: security.SMACK64TRANSMUTE
[    0.344009] evm: security.SMACK64MMAP
[    0.348009] evm: security.apparmor
[    0.352009] evm: security.ima
[    0.356009] evm: security.capability
[    0.360832] clocksource: jiffies: mask: 0xffffffff max_cycles: 0xffffffff, max_idle_ns: 7645041785100000 ns
[    0.364040] futex hash table entries: 256 (order: 2, 16384 bytes)
[    0.368413] pinctrl core: initialized pinctrl subsystem
[    0.377432] RTC time: 12:31:28, date: 08/09/21
[    0.384686] NET: Registered protocol family 16
[    0.388654] audit: initializing netlink subsys (disabled)
[    0.397593] cpuidle: using governor ladder
[    0.400021] audit: type=2000 audit(1628512296.246:1): state=initialized audit_enabled=0 res=1
[    0.404024] cpuidle: using governor menu
[    0.408158] ACPI: bus type PCI registered
[    0.412012] acpiphp: ACPI Hot Plug PCI Controller Driver version: 0.5
[    0.417505] PCI: Using configuration type 1 for base access
[    0.425819] HugeTLB registered 2.00 MiB page size, pre-allocated 0 pages
[    0.429834] ACPI: Added _OSI(Module Device)
[    0.432024] ACPI: Added _OSI(Processor Device)
[    0.436012] ACPI: Added _OSI(3.0 _SCP Extensions)
[    0.440013] ACPI: Added _OSI(Processor Aggregator Device)
[    0.444047] ACPI: Added _OSI(Linux-Dell-Video)
[    0.448011] ACPI: Added _OSI(Linux-Lenovo-NV-HDMI-Audio)
[    0.452014] ACPI: Added _OSI(Linux-HPI-Hybrid-Graphics)
[    0.458371] ACPI: Executed 1 blocks of module-level executable AML code
[    0.479532] ACPI: Interpreter enabled
[    0.480032] ACPI: (supports S0 S5)
[    0.484008] ACPI: Using IOAPIC for interrupt routing
[    0.488867] PCI: Using host bridge windows from ACPI; if necessary, use "pci=nocrs" and report a bug
[    0.492691] ACPI: Enabled 2 GPEs in block 00 to 07
[    0.518182] ACPI: PCI Root Bridge [PCI0] (domain 0000 [bus 00-ff])
[    0.520021] acpi PNP0A03:00: _OSC: OS supports [ASPM ClockPM Segments MSI]
[    0.525591] acpi PNP0A03:00: _OSC: not requesting OS control; OS requires [ExtendedConfig ASPM ClockPM MSI]
[    0.528046] acpi PNP0A03:00: fail to add MMCONFIG information, can't access extended PCI configuration space under this bridge.
[    0.537353] PCI host bridge to bus 0000:00
[    0.540014] pci_bus 0000:00: root bus resource [io  0x0000-0x0cf7 window]
[    0.544013] pci_bus 0000:00: root bus resource [io  0x0d00-0xffff window]
[    0.548012] pci_bus 0000:00: root bus resource [mem 0x000a0000-0x000bffff window]
[    0.552012] pci_bus 0000:00: root bus resource [mem 0x80000000-0xfdffffff window]
[    0.556013] pci_bus 0000:00: root bus resource [bus 00-ff]
[    0.579072] pci 0000:00:01.1: legacy IDE quirk: reg 0x10: [io  0x01f0-0x01f7]
[    0.580014] pci 0000:00:01.1: legacy IDE quirk: reg 0x14: [io  0x03f6]
[    0.584089] pci 0000:00:01.1: legacy IDE quirk: reg 0x18: [io  0x0170-0x0177]
[    0.588011] pci 0000:00:01.1: legacy IDE quirk: reg 0x1c: [io  0x0376]
[    0.744621] pci 0000:00:07.0: quirk: [io  0x4000-0x403f] claimed by PIIX4 ACPI
[    0.748099] pci 0000:00:07.0: quirk: [io  0x4100-0x410f] claimed by PIIX4 SMB
[    0.820768] ACPI: PCI Interrupt Link [LNKA] (IRQs 5 9 10 *11)
[    0.829222] ACPI: PCI Interrupt Link [LNKB] (IRQs 5 9 *10 11)
[    0.832613] ACPI: PCI Interrupt Link [LNKC] (IRQs 5 *9 10 11)
[    0.836567] ACPI: PCI Interrupt Link [LNKD] (IRQs 5 9 10 *11)
[    0.844075] SCSI subsystem initialized
[    0.848717] pci 0000:00:02.0: vgaarb: setting as boot VGA device
[    0.852000] pci 0000:00:02.0: vgaarb: VGA device added: decodes=io+mem,owns=io+mem,locks=none
[    0.856014] pci 0000:00:02.0: vgaarb: bridge control possible
[    0.860010] vgaarb: loaded
[    0.864186] ACPI: bus type USB registered
[    0.868079] usbcore: registered new interface driver usbfs
[    0.872152] usbcore: registered new interface driver hub
[    0.876040] usbcore: registered new device driver usb
[    0.880389] EDAC MC: Ver: 3.0.0
[    0.887778] PCI: Using ACPI for IRQ routing
[    0.892619] NetLabel: Initializing
[    0.896018] NetLabel:  domain hash size = 128
[    0.900018] NetLabel:  protocols = UNLABELED CIPSOv4 CALIPSO
[    0.904602] NetLabel:  unlabeled traffic allowed by default
[    0.912042] clocksource: Switched to clocksource kvm-clock
[    1.206059] VFS: Disk quotas dquot_6.6.0
[    1.216374] VFS: Dquot-cache hash table entries: 512 (order 0, 4096 bytes)
[    1.233145] AppArmor: AppArmor Filesystem Enabled
[    1.244873] pnp: PnP ACPI init
[    1.257209] pnp: PnP ACPI: found 3 devices
[    1.281287] clocksource: acpi_pm: mask: 0xffffff max_cycles: 0xffffff, max_idle_ns: 2085701024 ns
[    1.303531] NET: Registered protocol family 2
[    1.314561] TCP established hash table entries: 16384 (order: 5, 131072 bytes)
[    1.341696] TCP bind hash table entries: 16384 (order: 6, 262144 bytes)
[    1.358374] TCP: Hash tables configured (established 16384 bind 16384)
[    1.372871] UDP hash table entries: 1024 (order: 3, 32768 bytes)
[    1.385050] UDP-Lite hash table entries: 1024 (order: 3, 32768 bytes)
[    1.399009] NET: Registered protocol family 1
[    1.407446] pci 0000:00:00.0: Limiting direct PCI/PCI transfers
[    1.417658] pci 0000:00:01.0: Activating ISA DMA hang workarounds
[    1.429433] pci 0000:00:02.0: Video device with shadowed ROM at [mem 0x000c0000-0x000dffff]
[    1.444797] Unpacking initramfs...
[    2.540600] Freeing initrd memory: 19516K
[    2.551353] clocksource: tsc: mask: 0xffffffffffffffff max_cycles: 0x229835b7123, max_idle_ns: 440795242976 ns
[    2.571341] platform rtc_cmos: registered platform RTC device (no PNP device found)
[    2.585734] Scanning for low memory corruption every 60 seconds
[    2.602622] Initialise system trusted keyrings
[    2.612721] Key type blacklist registered
[    2.621452] workingset: timestamp_bits=36 max_order=19 bucket_order=0
[    2.641621] zbud: loaded
[    2.649844] squashfs: version 4.0 (2009/01/31) Phillip Lougher
[    2.673338] fuse init (API version 7.26)
[    2.686958] Key type asymmetric registered
[    2.695662] Asymmetric key parser 'x509' registered
[    2.704314] Block layer SCSI generic (bsg) driver version 0.4 loaded (major 246)
[    2.716282] io scheduler noop registered
[    2.723657] io scheduler deadline registered
[    2.730842] io scheduler cfq registered (default)
[    2.740516] ACPI: AC Adapter [AC] (on-line)
[    2.747114] input: Power Button as /devices/LNXSYSTM:00/LNXPWRBN:00/input/input0
[    2.766102] ACPI: Power Button [PWRF]
[    2.773109] input: Sleep Button as /devices/LNXSYSTM:00/LNXSLPBN:00/input/input1
[    2.785032] ACPI: Sleep Button [SLPF]
[    2.794805] ACPI: Battery Slot [BAT0] (battery present)
[    2.803351] Serial: 8250/16550 driver, 32 ports, IRQ sharing enabled
[    2.861117] 00:02: ttyS0 at I/O 0x3f8 (irq = 4, base_baud = 115200) is a 16550A
[    2.879219] Linux agpgart interface v0.103
[    2.904707] loop: module loaded
[    2.918706] scsi host0: ata_piix
[    2.937777] scsi host1: ata_piix
[    2.945339] ata1: PATA max UDMA/33 cmd 0x1f0 ctl 0x3f6 bmdma 0xd000 irq 14
[    2.958599] ata2: PATA max UDMA/33 cmd 0x170 ctl 0x376 bmdma 0xd008 irq 15
[    2.975942] libphy: Fixed MDIO Bus: probed
[    2.983431] tun: Universal TUN/TAP device driver, 1.6
[    2.993686] PPP generic driver version 2.4.2
[    3.001567] ehci_hcd: USB 2.0 'Enhanced' Host Controller (EHCI) Driver
[    3.012222] ehci-pci: EHCI PCI platform driver
[    3.019939] ehci-platform: EHCI generic platform driver
[    3.029088] ohci_hcd: USB 1.1 'Open' Host Controller (OHCI) Driver
[    3.041186] ohci-pci: OHCI PCI platform driver
[    3.049178] ohci-platform: OHCI generic platform driver
[    3.058723] uhci_hcd: USB Universal Host Controller Interface driver
[    3.069270] i8042: PNP: PS/2 Controller [PNP0303:PS2K,PNP0f03:PS2M] at 0x60,0x64 irq 1,12
[    3.089508] serio: i8042 KBD port at 0x60,0x64 irq 1
[    3.098908] serio: i8042 AUX port at 0x60,0x64 irq 12
[    3.108634] mousedev: PS/2 mouse device common for all mice
[    3.123052] input: AT Translated Set 2 keyboard as /devices/platform/i8042/serio0/input/input2
[    3.234804] rtc_cmos rtc_cmos: rtc core: registered rtc_cmos as rtc0
[    3.246972] rtc_cmos rtc_cmos: alarms up to one day, 114 bytes nvram
[    3.258368] i2c /dev entries driver
[    3.264583] device-mapper: uevent: version 1.0.3
[    3.274569] device-mapper: ioctl: 4.37.0-ioctl (2017-09-20) initialised: dm-devel@redhat.com
[    3.287841] ledtrig-cpu: registered to indicate activity on CPUs
[    3.299009] NET: Registered protocol family 10
[    3.316904] Segment Routing with IPv6
[    3.323688] NET: Registered protocol family 17
[    3.331386] Key type dns_resolver registered
[    3.339735] mce: Using 0 MCE banks
[    3.346044] RAS: Correctable Errors collector initialized.
[    3.356130] sched_clock: Marking stable (3356014007, 0)->(6485375756, -3129361749)
[    3.368119] registered taskstats version 1
[    3.376239] Loading compiled-in X.509 certificates
[    3.387995] Loaded X.509 cert 'Build time autogenerated kernel key: 697c210032c6abbec5653106d7fd766083a73612'
[    3.404289] Loaded X.509 cert 'Canonical Ltd. Live Patch Signing: 14df34d1a87cf37625abec039ef2bf521249b969'
[    3.420688] Loaded X.509 cert 'Canonical Ltd. Kernel Module Signing: 88f752e560a1e0737e31163a466ad7b70a850c19'
[    3.439015] zswap: loaded using pool lzo/zbud
[    3.465570] Key type big_key registered
[    3.473714] Key type trusted registered
[    3.483698] Key type encrypted registered
[    3.490163] AppArmor: AppArmor sha1 policy hashing enabled
[    3.498708] ima: No TPM chip found, activating TPM-bypass! (rc=-19)
[    3.509224] ima: Allocated hash algorithm: sha1
[    3.517319] evm: HMAC attrs: 0x1
[    3.525332]   Magic number: 1:438:531
[    3.532003] tty ttyS11: hash matches
[    3.540488] rtc_cmos rtc_cmos: setting system clock to 2021-08-09 12:31:32 UTC (1628512292)
[    3.554295] BIOS EDD facility v0.16 2004-Jun-25, 0 devices found
[    3.563755] EDD information not available.
[    3.576177] Freeing unused kernel image memory: 2448K
[    3.593061] Write protecting the kernel read-only data: 20480k
[    3.606481] Freeing unused kernel image memory: 2008K
[    3.614914] Freeing unused kernel image memory: 1824K
[    3.631437] x86/mm: Checked W+X mappings: passed, no W+X pages found.
[    3.642336] x86/mm: Checking user space page tables
[    3.659986] x86/mm: Checked W+X mappings: passed, no W+X pages found.
Loading, please wait...
starting version 237
[    4.043415] e1000: Intel(R) PRO/1000 Network Driver - version 7.3.21-k8-NAPI
[    4.062289] e1000: Copyright (c) 1999-2006 Intel Corporation.
[    4.078970] Fusion MPT base driver 3.04.20
[    4.087180] Copyright (c) 1999-2008 LSI Corporation
[    4.230646] Fusion MPT SPI Host driver 3.04.20
[    4.246886] mptbase: ioc0: Initiating bringup
[    4.385477] ioc0: LSI53C1030 A0: Capabilities={Initiator}
[    4.434728] input: ImExPS/2 Generic Explorer Mouse as /devices/platform/i8042/serio1/input/input4
[    4.688940] random: fast init done
[    4.700029] scsi host2: ioc0: LSI53C1030 A0, FwRev=00000000h, Ports=1, MaxQ=256, IRQ=20
[    4.711299] random: systemd-udevd: uninitialized urandom read (16 bytes read)
[    4.722895] random: systemd-udevd: uninitialized urandom read (16 bytes read)
[    4.734176] random: systemd-udevd: uninitialized urandom read (16 bytes read)
[    4.890830] scsi 2:0:0:0: Direct-Access     VBOX     HARDDISK         1.0  PQ: 0 ANSI: 5
[    4.906626] scsi target2:0:0: Beginning Domain Validation
[    4.924705] scsi target2:0:0: Domain Validation skipping write tests
[    4.934105] scsi target2:0:0: Ending Domain Validation
[    4.954999] scsi target2:0:0: asynchronous
[    5.010940] scsi 2:0:1:0: Direct-Access     VBOX     HARDDISK         1.0  PQ: 0 ANSI: 5
[    5.037837] scsi target2:0:1: Beginning Domain Validation
[    5.117380] scsi target2:0:1: Domain Validation skipping write tests
[    5.128843] scsi target2:0:1: Ending Domain Validation
[    5.154250] scsi target2:0:1: asynchronous
[    5.284588] sd 2:0:0:0: [sda] 83886080 512-byte logical blocks: (42.9 GB/40.0 GiB)
[    5.297561] sd 2:0:0:0: Attached scsi generic sg0 type 0
[    5.337090] sd 2:0:0:0: [sda] Write Protect is off
[    5.349172] sd 2:0:1:0: Attached scsi generic sg1 type 0
[    5.361446] sd 2:0:1:0: [sdb] 20480 512-byte logical blocks: (10.5 MB/10.0 MiB)
[    5.375325] sd 2:0:0:0: [sda] Incomplete mode parameter data
[    5.384747] sd 2:0:0:0: [sda] Assuming drive cache: write through
[    5.399280] sd 2:0:1:0: [sdb] Write Protect is off
[    5.437236] sd 2:0:1:0: [sdb] Incomplete mode parameter data
[    5.450769] sd 2:0:1:0: [sdb] Assuming drive cache: write through
[    5.475665]  sda: sda1
[    5.507630] sd 2:0:0:0: [sda] Attached SCSI disk
[    5.593417] sd 2:0:1:0: [sdb] Attached SCSI disk
[    6.631958] e1000 0000:00:03.0 eth0: (PCI:33MHz:32-bit) 02:9f:d3:59:7e:90
[    6.644674] e1000 0000:00:03.0 eth0: Intel(R) PRO/1000 Network Connection
[    7.791998] e1000 0000:00:08.0 eth1: (PCI:33MHz:32-bit) 08:00:27:a8:8c:55
[    7.802718] e1000 0000:00:08.0 eth1: Intel(R) PRO/1000 Network Connection
[    7.815953] e1000 0000:00:08.0 enp0s8: renamed from eth1
[    7.838620] e1000 0000:00:03.0 enp0s3: renamed from eth0
Begin: Loading essential drivers ... [   10.828601] raid6: sse2x1   gen()  6965 MB/s
[   10.892274] raid6: sse2x1   xor()  4416 MB/s
[   10.968379] raid6: sse2x2   gen()  3540 MB/s
[   11.032384] raid6: sse2x2   xor()  4089 MB/s
[   11.096254] raid6: sse2x4   gen()  7230 MB/s
[   11.160459] raid6: sse2x4   xor()  5448 MB/s
[   11.168227] raid6: using algorithm sse2x4 gen() 7230 MB/s
[   11.178228] raid6: .... xor() 5448 MB/s, rmw enabled
[   11.187138] raid6: using ssse3x2 recovery algorithm
[   11.206582] xor: measuring software checksum speed
[   11.320258]    prefetch64-sse: 32270.000 MB/sec
[   11.440250]    generic_sse: 28685.000 MB/sec
[   11.448136] xor: using function: prefetch64-sse (32270.000 MB/sec)
[   11.471862] async_tx: api initialized (async)
done.
Begin: Running /scripts/init-premount ... done.
Begin: Mounting root file system ... Begin: Running /scripts/local-top ... done.
Begin: Running /scripts/local-premount ... [   11.604209] Btrfs loaded, crc32c=crc32c-intel
Scanning for Btrfs filesystems
done.
Warning: fsck not present, so skipping root file system
[   11.727145] EXT4-fs (sda1): mounted filesystem with ordered data mode. Opts: (null)
done.
Begin: Running /scripts/local-bottom ... done.
Begin: Running /scripts/init-bottom ... done.
[   12.206962] ip_tables: (C) 2000-2006 Netfilter Core Team
[   12.245937] systemd[1]: systemd 237 running in system mode. (+PAM +AUDIT +SELINUX +IMA +APPARMOR +SMACK +SYSVINIT +UTMP +LIBCRYPTSETUP +GCRYPT +GNUTLS +ACL +XZ +LZ4 +SECCOMP +BLKID +ELFUTILS +KMOD -IDN2 +IDN -PCRE2 default-hierarchy=hybrid)
[   12.285962] systemd[1]: Detected virtualization oracle.
[   12.294391] systemd[1]: Detected architecture x86-64.

Welcome to [1mUbuntu 18.04.5 LTS[0m!

[   12.313973] systemd[1]: Set hostname to <ubuntu>.
[   12.339819] systemd[1]: Initializing machine ID from random generator.
[   12.353422] systemd[1]: Installed transient /etc/machine-id file.
[   13.087558] systemd[1]: Created slice System Slice.
[[0;32m  OK  [0m] Created slice System Slice.
[   13.103952] systemd[1]: Listening on Journal Socket.
[[0;32m  OK  [0m] Listening on Journal Socket.
[   13.119179] systemd[1]: Listening on LVM2 metadata daemon socket.
[[0;32m  OK  [0m] Listening on LVM2 metadata daemon socket.
[   13.136632] systemd[1]: Reached target System Time Synchronized.
[[0;32m  OK  [0m] Reached target System Time Synchronized.
[[0;32m  OK  [0m] Set up automount Arbitrary Executab…rmats File System Automount Point.
[[0;32m  OK  [0m] Reached target User and Group Name Lookups.
[[0;32m  OK  [0m] Listening on /dev/initctl Compatibility Named Pipe.
         Mounting Huge Pages File System...
[[0;32m  OK  [0m] Listening on Syslog Socket.
         Mounting POSIX Message Queue File System...
[[0;32m  OK  [0m] Listening on Journal Audit Socket.
         Mounting Kernel Debug File System...
[[0;32m  OK  [0m] Created slice system-serial\x2dgetty.slice.
[[0;32m  OK  [0m] Listening on udev Control Socket.
[[0;32m  OK  [0m] Listening on udev Kernel Socket.
[[0;32m  OK  [0m] Created slice User and Session Slice.
         Starting Load Kernel Modules...
[[0;32m  OK  [0m] Listening on LVM2 poll daemon socket.
[   13.303115] Loading iSCSI transport class v2.0-870.
         Starting Uncomplicated firewall...
[[0;32m  OK  [0m] Started Forward Password Requests to Wall Directory Watch.
         Starting Set the console keyboard layout...[   13.355263] iscsi: registered transport (tcp)

[[0;32m  OK  [0m] Reached target Swap.
         Starting udev Coldplug all Devices...
         Starting Create list of required st…ce nodes for the current kernel...
[[0;32m  OK  [0m] Listening on Journal Socket (/dev/log).
         Starting Journal Service...
[[0;32m  OK  [0m] Reached target Slices.
[[0;32m  OK  [0m] Listening on Device-mapper event daemon FIFOs.
         Starting Monitoring of LVM2 mirrors…ng dmeventd or progress polling...
[[0;32m  OK  [0m] Listening on fsck to fsckd communication Socket.
         Starting File System Check on Root Device...
[[0;32m  OK  [0m] Listening on Network Service Netlink Socket.
[[0;32m  OK  [0m] Mounted Huge Pages File System.
[[0;32m  OK  [0m] Mounted POSIX Message Queue File System.
[[0;32m  OK  [0m] Mounted Kernel Debug File System.
[[0;32m  OK  [0m] Started Uncomplicated firewall.
[[0;32m  OK  [0m] [   13.630546] random: crng init done
[   13.636199] random: 7 urandom warning(s) missed due to ratelimiting
Started Create list of required sta…vice nodes for the current kernel.
         Starting Create Static Device Nodes in /dev...
[[0;32m  OK  [0m] Started LVM2 metadata daemon.
[[0;32m  OK  [0m[   13.736785] iscsi: registered transport (iser)
] Started Create Static Device Nodes in /dev.
[[0;32m  OK  [0m] Started File System Check Daemon to report status.
[[0;32m  OK  [0m] Started Load Kernel Modules.
         Starting Apply Kernel Variables...
         Mounting Kernel Configuration File System...
         Mounting FUSE Control File System...
[[0;32m  OK  [0m] Mounted Kernel Configuration File System.
[[0;32m  OK  [0m] Mounted FUSE Control File System.
[[0;32m  OK  [0m] Started Monitoring of LVM2 mirrors,…sing dmeventd or progress polling.
[[0;32m  OK  [0m] Started File System Check on Root Device.
         Starting Remount Root and Kernel File Systems...
[[0;32m  OK  [0m] Started Apply Kernel Variables.
[[0;32m  OK  [0m] Started Remount Root and Kernel File Systems.
         Starting Load/Save Random Seed...
         Starting udev Kernel Device Manager...
[[0;32m  OK  [0m] Started Journal Service.
[[0;32m  OK  [0m] Started Load/Save Random Seed.
         Starting Flush Journal to Persistent Storage...
[[0;32m  OK  [0m] Started udev Coldplug all Devices.
[[0;32m  OK  [0m] Started udev Kernel Device Manager.
[[0;32m  OK  [0m] Started Flush Journal to Persistent Storage.
[[0;32m  OK  [0m] Started Set the console keyboard layout.
[[0;32m  OK  [0m] Started Dispatch Password Requests to Console Directory Watch.
[[0;32m  OK  [0m] Reached target Local Encrypted Volumes.
[[0;32m  OK  [0m] Reached target Local File Systems (Pre).
[[0;32m  OK  [0m] Reached target Local File Systems.
         Starting Tell Plymouth To Write Out Runtime Data...
         Starting Commit a transient machine-id on disk...
         Starting Set console font and keymap...
         Starting AppArmor initialization...
         Starting ebtables ruleset management...
         Starting Create Volatile Files and Directories...
[[0;32m  OK  [0m] Started Tell Plymouth To Write Out Runtime Data.
[[0;32m  OK  [0m] Started Set console font and keymap.
[[0;32m  OK  [0m] Started Commit a transient machine-id on disk.
[[0;32m  OK  [0m] Started Create Volatile Files and Directories.
         Starting Update UTMP about System Boot/Shutdown...
[[0;32m  OK  [0m] Started Update UTMP about System Boot/Shutdown.
[[0;32m  OK  [0m] Started ebtables ruleset management.
[[0;32m  OK  [0m] Found device /dev/ttyS0.
[[0;32m  OK  [0m] Listening on Load/Save RF Kill Switch Status /dev/rfkill Watch.
[[0;32m  OK  [0m] Started AppArmor initialization.
         Starting Load AppArmor profiles managed internally by snapd...
         Starting Initial cloud-init job (pre-networking)...
[[0;32m  OK  [0m] Started Load AppArmor profiles managed internally by snapd.
[   21.715768] cloud-init[549]: Cloud-init v. 21.2-3-g899bfaa9-0ubuntu2~18.04.1 running 'init-local' at Mon, 09 Aug 2021 12:31:49 +0000. Up 20.97 seconds.
[[0;32m  OK  [0m] Started Initial cloud-init job (pre-networking).
[[0;32m  OK  [0m] Reached target Network (Pre).
         Starting Network Service...
[[0;32m  OK  [0m] Started Network Service.
         Starting Wait for Network to be Configured...
         Starting Network Name Resolution...
[[0;32m  OK  [0m] Started Network Name Resolution.
[[0;32m  OK  [0m] Reached target Network.
[[0;32m  OK  [0m] Reached target Host and Network Name Lookups.
[[0;32m  OK  [0m] Started Wait for Network to be Configured.
         Starting Initial cloud-init job (metadata service crawler)...
[   24.426679] cloud-init[653]: Cloud-init v. 21.2-3-g899bfaa9-0ubuntu2~18.04.1 running 'init' at Mon, 09 Aug 2021 12:31:53 +0000. Up 24.17 seconds.
[   24.455704] cloud-init[653]: ci-info: ++++++++++++++++++++++++++++++++++++++Net device info+++++++++++++++++++++++++++++++++++++++
[   24.532977] cloud-init[653]: ci-info: +--------+-------+----------------------------+---------------+--------+-------------------+
[   24.734998] cloud-init[653]: ci-info: | Device |   Up  |          Address           |      Mask     | Scope  |     Hw-Address    |
[   24.788564] cloud-init[653]: ci-info: +--------+-------+----------------------------+---------------+--------+-------------------+
[   24.813477] cloud-init[653]: ci-info: | enp0s3 |  True |         10.0.2.15          | 255.255.255.0 | global | 02:9f:d3:59:7e:90 |
[   24.843482] cloud-init[653]: ci-info: | enp0s3 |  True | fe80::9f:d3ff:fe59:7e90/64 |       .       |  link  | 02:9f:d3:59:7e:90 |
[   24.865216] cloud-init[653]: ci-info: | enp0s8 | False |             .              |       .       |   .    | 08:00:27:a8:8c:55 |
[   24.902098] cloud-init[653]: ci-info: |   lo   |  True |         127.0.0.1          |   255.0.0.0   |  host  |         .         |
[   24.930327] cloud-init[653]: ci-info: |   lo   |  True |          ::1/128           |       .       |  host  |         .         |
[   24.956415] cloud-init[653]: ci-info: +--------+-------+----------------------------+---------------+--------+-------------------+
[   24.981921] cloud-init[653]: ci-info: ++++++++++++++++++++++++++++Route IPv4 info+++++++++++++++++++++++++++++
[   25.019316] cloud-init[653]: ci-info: +-------+-------------+----------+-----------------+-----------+-------+
[   25.039807] cloud-init[653]: ci-info: | Route | Destination | Gateway  |     Genmask     | Interface | Flags |
[   25.103512] cloud-init[653]: ci-info: +-------+-------------+----------+-----------------+-----------+-------+
[   25.121977] cloud-init[653]: ci-info: |   0   |   0.0.0.0   | 10.0.2.2 |     0.0.0.0     |   enp0s3  |   UG  |
[   25.138759] cloud-init[653]: ci-info: |   1   |   10.0.2.0  | 0.0.0.0  |  255.255.255.0  |   enp0s3  |   U   |
[   25.157123] cloud-init[653]: ci-info: |   2   |   10.0.2.2  | 0.0.0.0  | 255.255.255.255 |   enp0s3  |   UH  |
[   25.184790] cloud-init[653]: ci-info: +-------+-------------+----------+-----------------+-----------+-------+
[   25.204828] cloud-init[653]: ci-info: +++++++++++++++++++Route IPv6 info+++++++++++++++++++
[   25.228288] cloud-init[653]: ci-info: +-------+-------------+---------+-----------+-------+
[   25.252555] cloud-init[653]: ci-info: | Route | Destination | Gateway | Interface | Flags |
[   25.275721] cloud-init[653]: ci-info: +-------+-------------+---------+-----------+-------+
[   25.299385] cloud-init[653]: ci-info: |   1   |  fe80::/64  |    ::   |   enp0s3  |   U   |
[   25.319590] cloud-init[653]: ci-info: |   3   |    local    |    ::   |   enp0s3  |   U   |
[   25.398040] cloud-init[653]: ci-info: |   4   |   ff00::/8  |    ::   |   enp0s3  |   U   |
[   25.411328] cloud-init[653]: ci-info: +-------+-------------+---------+-----------+-------+
[   27.831267] cloud-init[653]: Generating public/private rsa key pair.
[   27.854811] cloud-init[653]: Your identification has been saved in /etc/ssh/ssh_host_rsa_key.
[   27.881854] cloud-init[653]: Your public key has been saved in /etc/ssh/ssh_host_rsa_key.pub.
[   27.900362] cloud-init[653]: The key fingerprint is:
[   27.923568] cloud-init[653]: SHA256:GgdQngJ3taextpJpn3LHfb7uYbIDqB3d8MO8eWp9ogU root@ubuntu-bionic
[   27.943281] cloud-init[653]: The key's randomart image is:
[   27.964863] cloud-init[653]: +---[RSA 2048]----+
[   27.974852] cloud-init[653]: |  . o.o..        |
[[0;32m  OK  [0m] [   27.996913] cloud-init[653]: Started Initial cloud-init job (metadata service crawler).|   o + . .       |

[[0;32m  OK  [0m] Reached target System Initialization.[   28.026642] 
         cloud-init[653]: Starting Socket activation for snappy daemon.|    . + o .      |
[[0;32m  OK  [0m
[   28.060111] ] Listening on D-Bus System Message Bus Socket.
cloud-init[[0;32m  OK  [0m[653]: |     . . =.      |
[   28.097856] cloud-init] Started Message of the Day.[653]: |      . So *E    |
[
[   28.114098] cloud-init[0;32m  OK  [0m] Started Daily apt download activities.
[653]: |       Bo.o *.   |
[   28.134874] [[0;32m  OK  [0m] cloud-init[653]: Listening on ACPID Listen Socket.
|      *o.o o.=+  |
[[0;32m  OK  [0m] [   28.157082] cloud-initListening on UUID daemon activation socket.
[653]: |     .ooo.o *==..|[[0;32m  OK  [0m
[   28.174291] ] Started Discard unused blocks once a week.
cloud-init[653]: |       oo. .+X=+ |         
[   28.191420] Starting LXD - unix socket.
[[0;32m  OK  [0m] Listening on Open-iSCSI iscsid Socket.cloud-init[653]: 
+----[SHA256]-----+
[[0;32m  OK  [0m] Started ACPI Events Check.[   28.242578] 
[cloud-init[0;32m  OK  [0m] Reached target Paths.
[653]: Generating public/private dsa key pair.[[0;32m  OK  [0m] Started Daily Cleanup of Temporary Directories.

[[   28.297387] cloud-init[0;32m  OK  [0m[653]: Your identification has been saved in /etc/ssh/ssh_host_dsa_key.] Started Daily apt upgrade and clean activities.
[
[   28.323830] [0;32m  OK  [0m] Started Ubuntu Advantage update messaging.cloud-init[653]: Your public key has been saved in /etc/ssh/ssh_host_dsa_key.pub.
[[0;32m  OK  [0m
[   28.350105] cloud-init] Reached target Timers.[653]: The key fingerprint is:
[[0;32m  OK  [0m
[   28.366923] ] Reached target Cloud-config availability.cloud-init[653]: 
[[0;32m  OK  [0mSHA256:QKW38rHcWv/iQc+DkDxBd4npdHVoyS0JAgttHq+1i5Y root@ubuntu-bionic] Reached target Network is Online.
[   28.392066] 
cloud-init[[0;32m  OK  [0m[653]: The key's randomart image is:] Reached target Remote File Systems (Pre).
[   28.411323] 
[[0;32m  OK  [0mcloud-init[653]: +---[DSA 1024]----+] Reached target Remote File Systems.
[   28.432775] cloud-init[653]: 
         |      ooo.o o=.Bo|
Starting Availability of block devices...
[[0;32m  OK  [0m] Listening on Socket activation for snappy daemon.[   28.473828] 
[cloud-init[653]: [0;32m  OK  [0m] |     . o+o o+.X o|
Listening on LXD - unix socket.
[   28.523364] [[0;32m  OK  [0mcloud-init] Started Availability of block devices.
[[0;32m  OK  [0m[653]: |      oooo.o o . |
] Reached target Sockets.[   28.575078] 
[[0;32m  OK  [0mcloud-init] Reached target Basic System.
[653]: [|       o.ooo.    |
[   28.665721] cloud-init[653]: |      . So=..    |
[0;32m  OK  [0m] Started irqbalance daemon.
[   28.712447] [[0;32m  OK  [0mcloud-init] Started Regular background program processing daemon.
[653]:          Starting LXD - container startup/shutdown...|       +.+.+ +   |

         Starting Pollinate to seed the pseudo random number generator...
         [   28.842895] Starting System Logging Service...
         Starting Accounts Service...cloud-init
[653]: [[0;32m  OK  [0m] Started Deferred execution scheduler.
|        +oo.o +  |         Starting LSB: Record successful boot for GRUB...

         Starting Dispatcher daemon for systemd-networkd...
         Starting Permit User Sessions...[   29.088357] 
[[0;32m  OK  [0m] Started D-Bus System Message Bus.
cloud-init[653]: |        Eo.... . |
[   29.312567] cloud-init[653]: |       ..  .oo.  |
[   29.359664] cloud-init[653]: +----[SHA256]-----+
[   29.456989] cloud-init[653]: Generating public/private ecdsa key pair.
[   29.521917] cloud-init[653]: Your identification has been saved in /etc/ssh/ssh_host_ecdsa_key.
[   29.591246] cloud-init[653]: Your public key has been saved in /etc/ssh/ssh_host_ecdsa_key.pub.         Starting LSB: automatic crash report generation...
[[0;32m  OK  [0m] Started FUSE filesystem for LXC.
         Starting Virtualbox guest utils...
         Starting Login Service...

[   29.749291] cloud-init[653]: The key fingerprint is:
[   29.807915] cloud-init[653]: SHA256:RW5WWpCBoXa8KmpRB7/ESdIY6YA5m3Ur181ZF51+lOg root@ubuntu-bionic
[   29.895414]          Starting Snap Daemon...
cloud-init[[653]: [0;32m  OK  [0m] Started System Logging Service.
[[0;32m  OK  [0m] Started Permit User Sessions.
The key's randomart image is:[[0;32m  OK  [0m] Started Login Service.
[[0;32m  OK  [0m] Started Unattended Upgrades Shutdown.

         Starting Authorization Manager...
[   30.118893]          Starting Hold until boot process finishes up...
         Starting Terminate Plymouth Boot Screen...
cloud-init[[0;32m  OK  [0m] Started Terminate Plymouth Boot Screen.
[653]: +---[ECDSA 256]---+
[[0;32m  OK  [0m] Started Hold until boot process finishes up.
         Starting Set console scheme...
[[0;32m  OK  [0m] Started Serial Getty on ttyS0.[   30.350176] cloud-init
[[0;32m  OK  [0m] Started Set console scheme.[653]: 
[[0;32m  OK  [0m] Created slice system-getty.slice.
[[0;32m  OK  [0m| o  .=  .o+++o...|] Started Getty on tty1.
[[0;32m  OK  [0m] Reached target Login Prompts.

[   30.521088] cloud-init[653]: |+ o * oo.oo+..o..|[[0;32m  OK  [0m
] Started LSB: automatic crash report generation.
[   30.648463] cloud-init[[0;32m  OK  [0m] Started Authorization Manager.
[[0;32m  OK  [0m] [653]: Started LSB: Record successful boot for GRUB.
[[0;32m  OK  [0m] Started Accounts Service.
| = + Oo+oo*... . |
[[0;32m  OK  [0m] Started LXD - container startup/shutdown.
[   30.792891] cloud-init[653]: |o . =.B.+=   E. .|
[   30.851089] cloud-init[653]: |   + o .S      . |
[   30.912572] cloud-init[653]: |  .   ..         |
[   30.966723] cloud-init[653]: |   .. .          |
[   31.024432] cloud-init[653]: |  .. .           |
[   31.081137] cloud-init[653]: | ..              |
[   31.149092] cloud-init[653]: +----[SHA256]-----+
[   31.189557] cloud-init[653]: Generating public/private ed25519 key pair.
[   31.242651] cloud-init[653]: Your identification has been saved in /etc/ssh/ssh_host_ed25519_key.
[   31.366732] cloud-init[653]: Your public key has been saved in /etc/ssh/ssh_host_ed25519_key.pub.
[   31.441986] cloud-init[653]: The key fingerprint is:
[   31.489083] cloud-init[653]: SHA256:SrcMrmtLTAdDAgP2rByoa1K8ZnBBkcLOea7yvnRcdok root@ubuntu-bionic
[   31.561156] cloud-init[653]: The key's randomart image is:
[   31.616853] cloud-init[653]: +--[ED25519 256]--+
[[0;32m  OK  [0m] Started Dispatcher daemon for systemd-networkd.
[   31.691881] cloud-init[653]: [[0;32m  OK  [0m] Started Virtualbox guest utils.|*o+o.            |

[   31.787585] cloud-init[653]: |+++o             |
[   31.850408] cloud-init[653]: |+oooo            |
[   31.891200] cloud-init[653]: |o=oo o . .       |
[   31.926314] cloud-init[653]: |oo* . E S        |
[   31.965564] cloud-init[653]: | = * * * .       |
[   32.015457] cloud-init[653]: |o.* = o o        |
[   32.066220] cloud-init[653]: |+= o..           |
[   32.112365] cloud-init[653]: |.o+o+o           |
[   32.159423] cloud-init[653]: +----[SHA256]-----+
[[0;32m  OK  [0m] Started Pollinate to seed the pseudo random number generator.
         Starting OpenBSD Secure Shell server...
[[0;32m  OK  [0m] Started OpenBSD Secure Shell server.
[[0;32m  OK  [0m] Started Snap Daemon.
         Starting Wait until snapd is fully seeded...
[[0;32m  OK  [0m] Started Wait until snapd is fully seeded.
         Starting Apply the settings specified in cloud-config...
[[0;32m  OK  [0m] Reached target Multi-User System.
[[0;32m  OK  [0m] Reached target Graphical Interface.
         Starting Update UTMP about System Runlevel Changes...
[[0;32m  OK  [0m] Started Update UTMP about System Runlevel Changes.

Ubuntu 18.04.5 LTS ubuntu-bionic ttyS0

ubuntu-bionic login: [   39.609742] cloud-init[969]: Cloud-init v. 21.2-3-g899bfaa9-0ubuntu2~18.04.1 running 'modules:config' at Mon, 09 Aug 2021 12:32:05 +0000. Up 36.97 seconds.
ci-info: no authorized SSH keys fingerprints found for user ubuntu.
<14>Aug  9 12:32:10 cloud-init: #############################################################
<14>Aug  9 12:32:10 cloud-init: -----BEGIN SSH HOST KEY FINGERPRINTS-----
<14>Aug  9 12:32:10 cloud-init: 1024 SHA256:QKW38rHcWv/iQc+DkDxBd4npdHVoyS0JAgttHq+1i5Y root@ubuntu-bionic (DSA)
<14>Aug  9 12:32:10 cloud-init: 256 SHA256:RW5WWpCBoXa8KmpRB7/ESdIY6YA5m3Ur181ZF51+lOg root@ubuntu-bionic (ECDSA)
<14>Aug  9 12:32:10 cloud-init: 256 SHA256:SrcMrmtLTAdDAgP2rByoa1K8ZnBBkcLOea7yvnRcdok root@ubuntu-bionic (ED25519)
<14>Aug  9 12:32:10 cloud-init: 2048 SHA256:GgdQngJ3taextpJpn3LHfb7uYbIDqB3d8MO8eWp9ogU root@ubuntu-bionic (RSA)
<14>Aug  9 12:32:10 cloud-init: -----END SSH HOST KEY FINGERPRINTS-----
<14>Aug  9 12:32:10 cloud-init: #############################################################
-----BEGIN SSH HOST KEY KEYS-----
ecdsa-sha2-nistp256 AAAAE2VjZHNhLXNoYTItbmlzdHAyNTYAAAAIbmlzdHAyNTYAAABBBKbEa1zp1B9T5vh21Ym2Tqy6BSbioYusJjoBqQpVEcwxfrRMATafJpSaZ5ukuw535DlNHG4r7Cr2SsZ37qjGX6g= root@ubuntu-bionic
ssh-ed25519 AAAAC3NzaC1lZDI1NTE5AAAAICQ7nzJGsOjyfudspttIiQi1qKLapcMXXISzUbxd/kuo root@ubuntu-bionic
ssh-rsa AAAAB3NzaC1yc2EAAAADAQABAAABAQDPzVhP8yCPfo4zM5NYAukw3Ai2YerDMTeR8BFUbXClZj+ajlwWxxzeeNEdTmUzhpWbFjv9RaYx1+/MbUtY1WMUi6jd8Iiih+t72qP0GKrPnFubm2Ze+of9cS69q5JLzHhcay+Yfj8c+daFgJyNBqV4IJqk5VfbbNI3a//hdhRBJ6447k/WpbjFPBm7OU24kgDhsvN3qFkwpnvSkU2hGYOj5QkFE38XWL2GaiyilxJ8XL47UB0xeYdguky+51O1rOSG1QUoo/5gIU1ijWGK2Ntqu3Nb7jB+iEoT70bd/YUl0Yp4VC0U3NAVN9CgoCGXC34a6fiH5lyRa7S91f1R0Tx5 root@ubuntu-bionic
-----END SSH HOST KEY KEYS-----
[   41.699102] cloud-init[1039]: Cloud-init v. 21.2-3-g899bfaa9-0ubuntu2~18.04.1 running 'modules:final' at Mon, 09 Aug 2021 12:32:10 +0000. Up 41.16 seconds.
[   41.741095] cloud-init[1039]: ci-info: no authorized SSH keys fingerprints found for user ubuntu.
[   41.768268] cloud-init[1039]: Cloud-init v. 21.2-3-g899bfaa9-0ubuntu2~18.04.1 finished at Mon, 09 Aug 2021 12:32:10 +0000. Datasource DataSourceNoCloud [seed=/dev/sdb][dsmode=net].  Up 41.68 seconds
